<?xml version="1.0" encoding="UTF-8"?>
<!-- Generated by org.testng.reporters.JUnitXMLReporter -->
<testsuite hostname="vasu-PC" name="Selenium" tests="8" failures="0" timestamp="13 Mar 2019 00:46:58 GMT" time="22.409" errors="0">
  <testcase name="adminLogin" time="8.795" classname="com.vasu.testng.AdminLoginTest"/>
  <testcase name="first" time="0.002" classname="com.vasu.testng.FirstTestNg"/>
  <testcase name="method1" time="0.002" classname="com.vasu.testng.Annatations"/>
  <testcase name="method2" time="0.003" classname="com.vasu.testng.Annatations"/>
  <testcase name="appLogin" time="1.473" classname="com.vasu.testng.BeforeTestAfterTest"/>
  <testcase name="appLaunch" time="0.001" classname="com.vasu.testng.MultipleTestNg"/>
  <testcase name="appLogin" time="0.002" classname="com.vasu.testng.MultipleTestNg"/>
  <testcase name="appClose" time="0.002" classname="com.vasu.testng.MultipleTestNg"/>
</testsuite> <!-- Selenium -->
